<?xml version="1.0" encoding="UTF-8"?>
<!-- Generated by org.testng.reporters.JUnitXMLReporter -->
<testsuite hostname="Cornel" ignored="0" name="Command line test" tests="5" failures="0" timestamp="15 Apr 2018 22:12:57 GMT" time="93.226" errors="0">
  <testcase name="@BeforeMethod beforeMethod" time="4.145" classname="smoketests.LoginThenLogout">
    <failure type="org.openqa.selenium.WebDriverException" message="unknown error: cannot determine loading status
from unknown error: cannot determine loading status
from disconnected: received Inspector.detached event
  (Session info: chrome=65.0.3325.181)
  (Driver info: chromedriver=2.37.544315 (730aa6a5fdba159ac9f4c1e8cbc59bf1b5ce12b7),platform=Windows NT 10.0.16299 x86_64) (WARNING: The server did not provide any stacktrace information)
Command duration or timeout: 0 milliseconds
Build info: version: &amp;apos;3.10.0&amp;apos;, revision: &amp;apos;176b4a9&amp;apos;, time: &amp;apos;2018-03-02T19:03:16.397Z&amp;apos;
System info: host: &amp;apos;CORNEL&amp;apos;, ip: &amp;apos;10.0.75.1&amp;apos;, os.name: &amp;apos;Windows 10&amp;apos;, os.arch: &amp;apos;x86&amp;apos;, os.version: &amp;apos;10.0&amp;apos;, java.version: &amp;apos;1.8.0_131&amp;apos;
Driver info: org.openqa.selenium.chrome.ChromeDriver
Capabilities {acceptInsecureCerts: false, acceptSslCerts: false, applicationCacheEnabled: false, browserConnectionEnabled: false, browserName: chrome, chrome: {chromedriverVersion: 2.37.544315 (730aa6a5fdba15..., userDataDir: C:\Users\Cornel\AppData\Loc...}, cssSelectorsEnabled: true, databaseEnabled: false, handlesAlerts: true, hasTouchScreen: false, javascriptEnabled: true, locationContextEnabled: true, mobileEmulationEnabled: false, nativeEvents: true, networkConnectionEnabled: false, pageLoadStrategy: normal, platform: XP, platformName: XP, rotatable: false, setWindowRect: true, takesHeapSnapshot: true, takesScreenshot: true, unexpectedAlertBehaviour: , unhandledPromptBehavior: , version: 65.0.3325.181, webStorageEnabled: true}
Session ID: c029fd46cea3d0ab3ce472f30b9f8cad">
      <![CDATA[org.openqa.selenium.WebDriverException: unknown error: cannot determine loading status
from unknown error: cannot determine loading status
from disconnected: received Inspector.detached event
  (Session info: chrome=65.0.3325.181)
  (Driver info: chromedriver=2.37.544315 (730aa6a5fdba159ac9f4c1e8cbc59bf1b5ce12b7),platform=Windows NT 10.0.16299 x86_64) (WARNING: The server did not provide any stacktrace information)
Command duration or timeout: 0 milliseconds
Build info: version: '3.10.0', revision: '176b4a9', time: '2018-03-02T19:03:16.397Z'
System info: host: 'CORNEL', ip: '10.0.75.1', os.name: 'Windows 10', os.arch: 'x86', os.version: '10.0', java.version: '1.8.0_131'
Driver info: org.openqa.selenium.chrome.ChromeDriver
Capabilities {acceptInsecureCerts: false, acceptSslCerts: false, applicationCacheEnabled: false, browserConnectionEnabled: false, browserName: chrome, chrome: {chromedriverVersion: 2.37.544315 (730aa6a5fdba15..., userDataDir: C:\Users\Cornel\AppData\Loc...}, cssSelectorsEnabled: true, databaseEnabled: false, handlesAlerts: true, hasTouchScreen: false, javascriptEnabled: true, locationContextEnabled: true, mobileEmulationEnabled: false, nativeEvents: true, networkConnectionEnabled: false, pageLoadStrategy: normal, platform: XP, platformName: XP, rotatable: false, setWindowRect: true, takesHeapSnapshot: true, takesScreenshot: true, unexpectedAlertBehaviour: , unhandledPromptBehavior: , version: 65.0.3325.181, webStorageEnabled: true}
Session ID: c029fd46cea3d0ab3ce472f30b9f8cad
at org.openqa.selenium.remote.ErrorHandler.createThrowable(ErrorHandler.java:214)
at org.openqa.selenium.remote.ErrorHandler.throwIfResponseFailed(ErrorHandler.java:166)
at org.openqa.selenium.remote.http.JsonHttpResponseCodec.reconstructValue(JsonHttpResponseCodec.java:40)
at org.openqa.selenium.remote.http.AbstractHttpResponseCodec.decode(AbstractHttpResponseCodec.java:80)
at org.openqa.selenium.remote.http.AbstractHttpResponseCodec.decode(AbstractHttpResponseCodec.java:44)
at org.openqa.selenium.remote.HttpCommandExecutor.execute(HttpCommandExecutor.java:160)
at org.openqa.selenium.remote.service.DriverCommandExecutor.execute(DriverCommandExecutor.java:83)
at org.openqa.selenium.remote.RemoteWebDriver.execute(RemoteWebDriver.java:601)
at org.openqa.selenium.remote.RemoteWebDriver.get(RemoteWebDriver.java:325)
at config.Config.loadURL(Config.java:36)
at smoketests.LoginThenLogout.beforeMethod(LoginThenLogout.java:49)
at smoketests.LoginThenLogout.beforeTest(LoginThenLogout.java:64)
at smoketests.LoginThenLogout.beforeTest(LoginThenLogout.java:64)
at smoketests.LoginThenLogout.beforeTest(LoginThenLogout.java:64)
at smoketests.LoginThenLogout.beforeTest(LoginThenLogout.java:64)
at smoketests.LoginThenLogout.beforeTest(LoginThenLogout.java:64)
at smoketests.LoginThenLogout.beforeTest(LoginThenLogout.java:64)
at smoketests.LoginThenLogout.beforeTest(LoginThenLogout.java:64)
at smoketests.LoginThenLogout.beforeTest(LoginThenLogout.java:64)
at smoketests.LoginThenLogout.beforeTest(LoginThenLogout.java:64)
at smoketests.LoginThenLogout.beforeTest(LoginThenLogout.java:64)
at smoketests.LoginThenLogout.beforeTest(LoginThenLogout.java:64)
at smoketests.LoginThenLogout.beforeTest(LoginThenLogout.java:64)
at smoketests.LoginThenLogout.beforeTest(LoginThenLogout.java:64)
at smoketests.LoginThenLogout.beforeTest(LoginThenLogout.java:64)
at smoketests.LoginThenLogout.beforeTest(LoginThenLogout.java:64)
at smoketests.LoginThenLogout.beforeTest(LoginThenLogout.java:64)
at smoketests.LoginThenLogout.beforeTest(LoginThenLogout.java:64)
at smoketests.LoginThenLogout.beforeTest(LoginThenLogout.java:64)
at smoketests.LoginThenLogout.beforeTest(LoginThenLogout.java:64)
at smoketests.LoginThenLogout.beforeTest(LoginThenLogout.java:64)
at smoketests.LoginThenLogout.beforeTest(LoginThenLogout.java:64)
at smoketests.LoginThenLogout.beforeTest(LoginThenLogout.java:64)
at smoketests.LoginThenLogout.beforeTest(LoginThenLogout.java:64)
at smoketests.LoginThenLogout.beforeTest(LoginThenLogout.java:64)
at smoketests.LoginThenLogout.beforeTest(LoginThenLogout.java:64)
at smoketests.LoginThenLogout.beforeTest(LoginThenLogout.java:64)
at smoketests.LoginThenLogout.beforeTest(LoginThenLogout.java:64)
at smoketests.LoginThenLogout.beforeTest(LoginThenLogout.java:64)
at smoketests.LoginThenLogout.beforeTest(LoginThenLogout.java:64)
at smoketests.LoginThenLogout.beforeTest(LoginThenLogout.java:64)
at smoketests.LoginThenLogout.beforeTest(LoginThenLogout.java:64)
at smoketests.LoginThenLogout.beforeTest(LoginThenLogout.java:64)
at smoketests.LoginThenLogout.beforeTest(LoginThenLogout.java:64)
at smoketests.LoginThenLogout.beforeTest(LoginThenLogout.java:64)
at smoketests.LoginThenLogout.beforeTest(LoginThenLogout.java:64)
at smoketests.LoginThenLogout.beforeTest(LoginThenLogout.java:64)
at smoketests.LoginThenLogout.beforeTest(LoginThenLogout.java:64)
at smoketests.LoginThenLogout.beforeTest(LoginThenLogout.java:64)
at smoketests.LoginThenLogout.beforeTest(LoginThenLogout.java:64)
at smoketests.LoginThenLogout.beforeTest(LoginThenLogout.java:64)
at smoketests.LoginThenLogout.beforeTest(LoginThenLogout.java:64)
at smoketests.LoginThenLogout.beforeTest(LoginThenLogout.java:64)
at smoketests.LoginThenLogout.beforeTest(LoginThenLogout.java:64)
at smoketests.LoginThenLogout.beforeTest(LoginThenLogout.java:64)
at smoketests.LoginThenLogout.beforeTest(LoginThenLogout.java:64)
at smoketests.LoginThenLogout.beforeTest(LoginThenLogout.java:64)
at smoketests.LoginThenLogout.beforeTest(LoginThenLogout.java:64)
... Removed 966 stack frames]]>
    </failure>
  </testcase> <!-- @BeforeMethod beforeMethod -->
  <testcase name="@AfterMethod afterMethod" time="0.0" classname="smoketests.LoginThenLogout">
    <skipped/>
  </testcase> <!-- @AfterMethod afterMethod -->
  <testcase name="@BeforeMethod beforeMethod" time="0.0" classname="smoketests.LoginThenLogout">
    <skipped/>
  </testcase> <!-- @BeforeMethod beforeMethod -->
  <testcase name="@AfterMethod afterMethod" time="0.0" classname="smoketests.LoginThenLogout">
    <skipped/>
  </testcase> <!-- @AfterMethod afterMethod -->
  <testcase name="@BeforeMethod beforeMethod" time="0.0" classname="smoketests.LoginThenLogout">
    <skipped/>
  </testcase> <!-- @BeforeMethod beforeMethod -->
  <testcase name="@AfterMethod afterMethod" time="0.0" classname="smoketests.LoginThenLogout">
    <skipped/>
  </testcase> <!-- @AfterMethod afterMethod -->
  <testcase name="@BeforeMethod beforeMethod" time="0.0" classname="smoketests.LoginThenLogout">
    <skipped/>
  </testcase> <!-- @BeforeMethod beforeMethod -->
  <testcase name="@AfterMethod afterMethod" time="0.0" classname="smoketests.LoginThenLogout">
    <skipped/>
  </testcase> <!-- @AfterMethod afterMethod -->
  <testcase name="@BeforeMethod beforeMethod" time="0.0" classname="smoketests.LoginThenLogout">
    <skipped/>
  </testcase> <!-- @BeforeMethod beforeMethod -->
  <testcase name="@AfterMethod afterMethod" time="0.0" classname="smoketests.LoginThenLogout">
    <skipped/>
  </testcase> <!-- @AfterMethod afterMethod -->
  <testcase name="LoginThenLogout" time="0.0" classname="smoketests.LoginThenLogout">
    <skipped/>
  </testcase> <!-- LoginThenLogout -->
  <testcase name="LoginThenLogout" time="0.0" classname="smoketests.LoginThenLogout">
    <skipped/>
  </testcase> <!-- LoginThenLogout -->
  <testcase name="LoginThenLogout" time="0.0" classname="smoketests.LoginThenLogout">
    <skipped/>
  </testcase> <!-- LoginThenLogout -->
  <testcase name="LoginThenLogout" time="0.0" classname="smoketests.LoginThenLogout">
    <skipped/>
  </testcase> <!-- LoginThenLogout -->
  <testcase name="LoginThenLogout" time="0.0" classname="smoketests.LoginThenLogout">
    <skipped/>
  </testcase> <!-- LoginThenLogout -->
</testsuite> <!-- Command line test -->
