<?xml version="1.0" encoding="UTF-8"?>
<testng-results skipped="0" failed="4" ignored="0" total="4" passed="0">
  <reporter-output>
  </reporter-output>
  <suite name="MyTestSuite" duration-ms="63451" started-at="2018-04-17T20:45:44Z" finished-at="2018-04-17T20:46:48Z">
    <groups>
    </groups>
    <test name="MyTest" duration-ms="63451" started-at="2018-04-17T20:45:44Z" finished-at="2018-04-17T20:46:48Z">
      <class name="smoketests.LoginThenLogout">
        <test-method status="PASS" signature="beforeTest()[pri:0, instance:smoketests.LoginThenLogout@3e31ee]" name="beforeTest" is-config="true" duration-ms="23" started-at="2018-04-17T20:45:44Z" finished-at="2018-04-17T20:45:44Z">
          <reporter-output>
          </reporter-output>
        </test-method> <!-- beforeTest -->
        <test-method status="PASS" signature="beforeMethod()[pri:0, instance:smoketests.LoginThenLogout@3e31ee]" name="beforeMethod" is-config="true" duration-ms="23451" started-at="2018-04-17T20:45:44Z" finished-at="2018-04-17T20:46:08Z">
          <reporter-output>
          </reporter-output>
        </test-method> <!-- beforeMethod -->
        <test-method status="PASS" signature="beforeMethod()[pri:0, instance:smoketests.LoginThenLogout@3e31ee]" name="beforeMethod" is-config="true" duration-ms="28306" started-at="2018-04-17T20:45:44Z" finished-at="2018-04-17T20:46:13Z">
          <reporter-output>
          </reporter-output>
        </test-method> <!-- beforeMethod -->
        <test-method status="PASS" signature="beforeMethod()[pri:0, instance:smoketests.LoginThenLogout@3e31ee]" name="beforeMethod" is-config="true" duration-ms="27247" started-at="2018-04-17T20:45:44Z" finished-at="2018-04-17T20:46:12Z">
          <reporter-output>
          </reporter-output>
        </test-method> <!-- beforeMethod -->
        <test-method status="PASS" signature="beforeMethod()[pri:0, instance:smoketests.LoginThenLogout@3e31ee]" name="beforeMethod" is-config="true" duration-ms="27718" started-at="2018-04-17T20:45:44Z" finished-at="2018-04-17T20:46:12Z">
          <reporter-output>
          </reporter-output>
        </test-method> <!-- beforeMethod -->
        <test-method status="FAIL" signature="LoginThenLogout()[pri:0, instance:smoketests.LoginThenLogout@3e31ee]" name="LoginThenLogout" duration-ms="39271" started-at="2018-04-17T20:46:08Z" finished-at="2018-04-17T20:46:47Z">
          <exception class="java.lang.AssertionError">
            <message>
              <![CDATA[Verificare daca a reusit hover expected [true] but found [false]]]>
            </message>
            <full-stacktrace>
              <![CDATA[java.lang.AssertionError: Verificare daca a reusit hover expected [true] but found [false]
at org.testng.Assert.fail(Assert.java:96)
at org.testng.Assert.failNotEquals(Assert.java:776)
at org.testng.Assert.assertTrue(Assert.java:44)
at smoketests.LoginThenLogout.LoginThenLogout(LoginThenLogout.java:41)
at sun.reflect.NativeMethodAccessorImpl.invoke0(Native Method)
at sun.reflect.NativeMethodAccessorImpl.invoke(NativeMethodAccessorImpl.java:62)
at sun.reflect.DelegatingMethodAccessorImpl.invoke(DelegatingMethodAccessorImpl.java:43)
at java.lang.reflect.Method.invoke(Method.java:498)
at org.testng.internal.MethodInvocationHelper.invokeMethod(MethodInvocationHelper.java:124)
at org.testng.internal.Invoker.invokeMethod(Invoker.java:583)
at org.testng.internal.Invoker.invokeTestMethod(Invoker.java:719)
at org.testng.internal.Invoker.invokeTestMethods(Invoker.java:989)
at org.testng.internal.TestMethodWorker.invokeTestMethods(TestMethodWorker.java:125)
at org.testng.internal.TestMethodWorker.run(TestMethodWorker.java:109)
at org.testng.internal.thread.ThreadUtil$1.call(ThreadUtil.java:52)
at java.util.concurrent.FutureTask.run(FutureTask.java:266)
at java.util.concurrent.ThreadPoolExecutor.runWorker(ThreadPoolExecutor.java:1142)
at java.util.concurrent.ThreadPoolExecutor$Worker.run(ThreadPoolExecutor.java:617)
at java.lang.Thread.run(Thread.java:748)
]]>
            </full-stacktrace>
          </exception> <!-- java.lang.AssertionError -->
          <reporter-output>
          </reporter-output>
        </test-method> <!-- LoginThenLogout -->
        <test-method status="FAIL" signature="LoginThenLogout()[pri:0, instance:smoketests.LoginThenLogout@3e31ee]" name="LoginThenLogout" duration-ms="33638" started-at="2018-04-17T20:46:12Z" finished-at="2018-04-17T20:46:45Z">
          <exception class="java.lang.AssertionError">
            <message>
              <![CDATA[Verificare daca a reusit hover expected [true] but found [false]]]>
            </message>
            <full-stacktrace>
              <![CDATA[java.lang.AssertionError: Verificare daca a reusit hover expected [true] but found [false]
at org.testng.Assert.fail(Assert.java:96)
at org.testng.Assert.failNotEquals(Assert.java:776)
at org.testng.Assert.assertTrue(Assert.java:44)
at smoketests.LoginThenLogout.LoginThenLogout(LoginThenLogout.java:41)
at sun.reflect.NativeMethodAccessorImpl.invoke0(Native Method)
at sun.reflect.NativeMethodAccessorImpl.invoke(NativeMethodAccessorImpl.java:62)
at sun.reflect.DelegatingMethodAccessorImpl.invoke(DelegatingMethodAccessorImpl.java:43)
at java.lang.reflect.Method.invoke(Method.java:498)
at org.testng.internal.MethodInvocationHelper.invokeMethod(MethodInvocationHelper.java:124)
at org.testng.internal.Invoker.invokeMethod(Invoker.java:583)
at org.testng.internal.Invoker.invokeTestMethod(Invoker.java:719)
at org.testng.internal.Invoker.invokeTestMethods(Invoker.java:989)
at org.testng.internal.TestMethodWorker.invokeTestMethods(TestMethodWorker.java:125)
at org.testng.internal.TestMethodWorker.run(TestMethodWorker.java:109)
at org.testng.internal.thread.ThreadUtil$1.call(ThreadUtil.java:52)
at java.util.concurrent.FutureTask.run(FutureTask.java:266)
at java.util.concurrent.ThreadPoolExecutor.runWorker(ThreadPoolExecutor.java:1142)
at java.util.concurrent.ThreadPoolExecutor$Worker.run(ThreadPoolExecutor.java:617)
at java.lang.Thread.run(Thread.java:748)
]]>
            </full-stacktrace>
          </exception> <!-- java.lang.AssertionError -->
          <reporter-output>
          </reporter-output>
        </test-method> <!-- LoginThenLogout -->
        <test-method status="FAIL" signature="LoginThenLogout()[pri:0, instance:smoketests.LoginThenLogout@3e31ee]" name="LoginThenLogout" duration-ms="34187" started-at="2018-04-17T20:46:12Z" finished-at="2018-04-17T20:46:46Z">
          <exception class="java.lang.AssertionError">
            <message>
              <![CDATA[Verificare daca a reusit hover expected [true] but found [false]]]>
            </message>
            <full-stacktrace>
              <![CDATA[java.lang.AssertionError: Verificare daca a reusit hover expected [true] but found [false]
at org.testng.Assert.fail(Assert.java:96)
at org.testng.Assert.failNotEquals(Assert.java:776)
at org.testng.Assert.assertTrue(Assert.java:44)
at smoketests.LoginThenLogout.LoginThenLogout(LoginThenLogout.java:41)
at sun.reflect.NativeMethodAccessorImpl.invoke0(Native Method)
at sun.reflect.NativeMethodAccessorImpl.invoke(NativeMethodAccessorImpl.java:62)
at sun.reflect.DelegatingMethodAccessorImpl.invoke(DelegatingMethodAccessorImpl.java:43)
at java.lang.reflect.Method.invoke(Method.java:498)
at org.testng.internal.MethodInvocationHelper.invokeMethod(MethodInvocationHelper.java:124)
at org.testng.internal.Invoker.invokeMethod(Invoker.java:583)
at org.testng.internal.Invoker.invokeTestMethod(Invoker.java:719)
at org.testng.internal.Invoker.invokeTestMethods(Invoker.java:989)
at org.testng.internal.TestMethodWorker.invokeTestMethods(TestMethodWorker.java:125)
at org.testng.internal.TestMethodWorker.run(TestMethodWorker.java:109)
at org.testng.internal.thread.ThreadUtil$1.call(ThreadUtil.java:52)
at java.util.concurrent.FutureTask.run(FutureTask.java:266)
at java.util.concurrent.ThreadPoolExecutor.runWorker(ThreadPoolExecutor.java:1142)
at java.util.concurrent.ThreadPoolExecutor$Worker.run(ThreadPoolExecutor.java:617)
at java.lang.Thread.run(Thread.java:748)
]]>
            </full-stacktrace>
          </exception> <!-- java.lang.AssertionError -->
          <reporter-output>
          </reporter-output>
        </test-method> <!-- LoginThenLogout -->
        <test-method status="FAIL" signature="LoginThenLogout()[pri:0, instance:smoketests.LoginThenLogout@3e31ee]" name="LoginThenLogout" duration-ms="29694" started-at="2018-04-17T20:46:13Z" finished-at="2018-04-17T20:46:42Z">
          <exception class="java.lang.AssertionError">
            <message>
              <![CDATA[Verificare daca a reusit hover expected [true] but found [false]]]>
            </message>
            <full-stacktrace>
              <![CDATA[java.lang.AssertionError: Verificare daca a reusit hover expected [true] but found [false]
at org.testng.Assert.fail(Assert.java:96)
at org.testng.Assert.failNotEquals(Assert.java:776)
at org.testng.Assert.assertTrue(Assert.java:44)
at smoketests.LoginThenLogout.LoginThenLogout(LoginThenLogout.java:41)
at sun.reflect.NativeMethodAccessorImpl.invoke0(Native Method)
at sun.reflect.NativeMethodAccessorImpl.invoke(NativeMethodAccessorImpl.java:62)
at sun.reflect.DelegatingMethodAccessorImpl.invoke(DelegatingMethodAccessorImpl.java:43)
at java.lang.reflect.Method.invoke(Method.java:498)
at org.testng.internal.MethodInvocationHelper.invokeMethod(MethodInvocationHelper.java:124)
at org.testng.internal.Invoker.invokeMethod(Invoker.java:583)
at org.testng.internal.Invoker.invokeTestMethod(Invoker.java:719)
at org.testng.internal.Invoker.invokeTestMethods(Invoker.java:989)
at org.testng.internal.TestMethodWorker.invokeTestMethods(TestMethodWorker.java:125)
at org.testng.internal.TestMethodWorker.run(TestMethodWorker.java:109)
at org.testng.internal.thread.ThreadUtil$1.call(ThreadUtil.java:52)
at java.util.concurrent.FutureTask.run(FutureTask.java:266)
at java.util.concurrent.ThreadPoolExecutor.runWorker(ThreadPoolExecutor.java:1142)
at java.util.concurrent.ThreadPoolExecutor$Worker.run(ThreadPoolExecutor.java:617)
at java.lang.Thread.run(Thread.java:748)
]]>
            </full-stacktrace>
          </exception> <!-- java.lang.AssertionError -->
          <reporter-output>
          </reporter-output>
        </test-method> <!-- LoginThenLogout -->
        <test-method status="PASS" signature="afterMethod(org.testng.ITestResult)[pri:0, instance:smoketests.LoginThenLogout@3e31ee]" name="afterMethod" is-config="true" duration-ms="660" started-at="2018-04-17T20:46:42Z" finished-at="2018-04-17T20:46:43Z">
          <params>
            <param index="0">
              <value>
                <![CDATA[[TestResult name=LoginThenLogout status=FAILURE method=LoginThenLogout.LoginThenLogout()[pri:0, instance:smoketests.LoginThenLogout@3e31ee] output={null}]]]>
              </value>
            </param>
          </params>
          <reporter-output>
          </reporter-output>
        </test-method> <!-- afterMethod -->
        <test-method status="PASS" signature="afterMethod(org.testng.ITestResult)[pri:0, instance:smoketests.LoginThenLogout@3e31ee]" name="afterMethod" is-config="true" duration-ms="651" started-at="2018-04-17T20:46:45Z" finished-at="2018-04-17T20:46:46Z">
          <params>
            <param index="0">
              <value>
                <![CDATA[[TestResult name=LoginThenLogout status=FAILURE method=LoginThenLogout.LoginThenLogout()[pri:0, instance:smoketests.LoginThenLogout@3e31ee] output={null}]]]>
              </value>
            </param>
          </params>
          <reporter-output>
          </reporter-output>
        </test-method> <!-- afterMethod -->
        <test-method status="PASS" signature="afterMethod(org.testng.ITestResult)[pri:0, instance:smoketests.LoginThenLogout@3e31ee]" name="afterMethod" is-config="true" duration-ms="654" started-at="2018-04-17T20:46:46Z" finished-at="2018-04-17T20:46:47Z">
          <params>
            <param index="0">
              <value>
                <![CDATA[[TestResult name=LoginThenLogout status=FAILURE method=LoginThenLogout.LoginThenLogout()[pri:0, instance:smoketests.LoginThenLogout@3e31ee] output={null}]]]>
              </value>
            </param>
          </params>
          <reporter-output>
          </reporter-output>
        </test-method> <!-- afterMethod -->
        <test-method status="PASS" signature="afterMethod(org.testng.ITestResult)[pri:0, instance:smoketests.LoginThenLogout@3e31ee]" name="afterMethod" is-config="true" duration-ms="661" started-at="2018-04-17T20:46:47Z" finished-at="2018-04-17T20:46:48Z">
          <params>
            <param index="0">
              <value>
                <![CDATA[[TestResult name=LoginThenLogout status=FAILURE method=LoginThenLogout.LoginThenLogout()[pri:0, instance:smoketests.LoginThenLogout@3e31ee] output={null}]]]>
              </value>
            </param>
          </params>
          <reporter-output>
          </reporter-output>
        </test-method> <!-- afterMethod -->
      </class> <!-- smoketests.LoginThenLogout -->
    </test> <!-- MyTest -->
  </suite> <!-- MyTestSuite -->
</testng-results>
